{"C:\\Users\\MSI\\Devops\\school-management-system\\backend\\src\\app.js": {"path":"C:\\Users\\MSI\\Devops\\school-management-system\\backend\\src\\app.js","statementMap":{"0":{"start":{"line":1,"column":0},"end":{"line":1,"column":27}},"1":{"start":{"line":2,"column":22},"end":{"line":2,"column":40}},"2":{"start":{"line":3,"column":22},"end":{"line":3,"column":37}},"3":{"start":{"line":4,"column":22},"end":{"line":4,"column":39}},"4":{"start":{"line":5,"column":22},"end":{"line":5,"column":39}},"5":{"start":{"line":6,"column":22},"end":{"line":6,"column":44}},"6":{"start":{"line":7,"column":22},"end":{"line":7,"column":41}},"7":{"start":{"line":8,"column":22},"end":{"line":8,"column":58}},"8":{"start":{"line":10,"column":25},"end":{"line":10,"column":55}},"9":{"start":{"line":11,"column":25},"end":{"line":11,"column":58}},"10":{"start":{"line":12,"column":25},"end":{"line":12,"column":58}},"11":{"start":{"line":13,"column":25},"end":{"line":13,"column":61}},"12":{"start":{"line":14,"column":25},"end":{"line":14,"column":56}},"13":{"start":{"line":15,"column":25},"end":{"line":15,"column":56}},"14":{"start":{"line":17,"column":12},"end":{"line":17,"column":21}},"15":{"start":{"line":20,"column":0},"end":{"line":20,"column":31}},"16":{"start":{"line":21,"column":0},"end":{"line":24,"column":3}},"17":{"start":{"line":22,"column":2},"end":{"line":22,"column":55}},"18":{"start":{"line":23,"column":2},"end":{"line":23,"column":43}},"19":{"start":{"line":27,"column":0},"end":{"line":27,"column":18}},"20":{"start":{"line":28,"column":0},"end":{"line":28,"column":16}},"21":{"start":{"line":29,"column":0},"end":{"line":29,"column":23}},"22":{"start":{"line":30,"column":0},"end":{"line":30,"column":24}},"23":{"start":{"line":33,"column":0},"end":{"line":33,"column":84}},"24":{"start":{"line":33,"column":33},"end":{"line":33,"column":82}},"25":{"start":{"line":36,"column":0},"end":{"line":36,"column":39}},"26":{"start":{"line":37,"column":0},"end":{"line":37,"column":42}},"27":{"start":{"line":38,"column":0},"end":{"line":38,"column":42}},"28":{"start":{"line":39,"column":0},"end":{"line":39,"column":45}},"29":{"start":{"line":40,"column":0},"end":{"line":40,"column":40}},"30":{"start":{"line":41,"column":0},"end":{"line":41,"column":40}},"31":{"start":{"line":44,"column":0},"end":{"line":44,"column":22}},"32":{"start":{"line":46,"column":13},"end":{"line":46,"column":37}},"33":{"start":{"line":48,"column":0},"end":{"line":62,"column":1}},"34":{"start":{"line":49,"column":16},"end":{"line":60,"column":3}},"35":{"start":{"line":50,"column":4},"end":{"line":59,"column":5}},"36":{"start":{"line":51,"column":6},"end":{"line":51,"column":37}},"37":{"start":{"line":52,"column":6},"end":{"line":52,"column":40}},"38":{"start":{"line":53,"column":6},"end":{"line":53,"column":44}},"39":{"start":{"line":54,"column":6},"end":{"line":54,"column":35}},"40":{"start":{"line":55,"column":6},"end":{"line":55,"column":76}},"41":{"start":{"line":55,"column":29},"end":{"line":55,"column":74}},"42":{"start":{"line":57,"column":6},"end":{"line":57,"column":45}},"43":{"start":{"line":58,"column":6},"end":{"line":58,"column":22}},"44":{"start":{"line":61,"column":2},"end":{"line":61,"column":10}},"45":{"start":{"line":64,"column":0},"end":{"line":64,"column":21}}},"fnMap":{"0":{"name":"(anonymous_0)","decl":{"start":{"line":21,"column":20},"end":{"line":21,"column":21}},"loc":{"start":{"line":21,"column":40},"end":{"line":24,"column":1}},"line":21},"1":{"name":"(anonymous_1)","decl":{"start":{"line":33,"column":19},"end":{"line":33,"column":20}},"loc":{"start":{"line":33,"column":33},"end":{"line":33,"column":82}},"line":33},"2":{"name":"(anonymous_2)","decl":{"start":{"line":49,"column":16},"end":{"line":49,"column":17}},"loc":{"start":{"line":49,"column":28},"end":{"line":60,"column":3}},"line":49},"3":{"name":"(anonymous_3)","decl":{"start":{"line":55,"column":23},"end":{"line":55,"column":24}},"loc":{"start":{"line":55,"column":29},"end":{"line":55,"column":74}},"line":55}},"branchMap":{"0":{"loc":{"start":{"line":46,"column":13},"end":{"line":46,"column":37}},"type":"binary-expr","locations":[{"start":{"line":46,"column":13},"end":{"line":46,"column":29}},{"start":{"line":46,"column":33},"end":{"line":46,"column":37}}],"line":46},"1":{"loc":{"start":{"line":48,"column":0},"end":{"line":62,"column":1}},"type":"if","locations":[{"start":{"line":48,"column":0},"end":{"line":62,"column":1}},{"start":{},"end":{}}],"line":48}},"s":{"0":4,"1":4,"2":4,"3":4,"4":4,"5":4,"6":4,"7":4,"8":4,"9":4,"10":4,"11":4,"12":4,"13":4,"14":4,"15":4,"16":4,"17":0,"18":0,"19":4,"20":4,"21":4,"22":4,"23":4,"24":1,"25":4,"26":4,"27":4,"28":4,"29":4,"30":4,"31":4,"32":4,"33":4,"34":0,"35":0,"36":0,"37":0,"38":0,"39":0,"40":0,"41":0,"42":0,"43":0,"44":0,"45":4},"f":{"0":0,"1":1,"2":0,"3":0},"b":{"0":[4,0],"1":[0,4]},"_coverageSchema":"1a1c01bbd47fc00a2c39e90264f33305004495a9","hash":"0e76b7b02c466a62997d32b0de83dd9706af59ab"}
,"C:\\Users\\MSI\\Devops\\school-management-system\\backend\\src\\config\\database.js": {"path":"C:\\Users\\MSI\\Devops\\school-management-system\\backend\\src\\config\\database.js","statementMap":{"0":{"start":{"line":1,"column":22},"end":{"line":1,"column":42}},"1":{"start":{"line":2,"column":0},"end":{"line":2,"column":27}},"2":{"start":{"line":4,"column":18},"end":{"line":20,"column":1}},"3":{"start":{"line":22,"column":0},"end":{"line":22,"column":27}}},"fnMap":{},"branchMap":{"0":{"loc":{"start":{"line":12,"column":13},"end":{"line":12,"column":73}},"type":"cond-expr","locations":[{"start":{"line":12,"column":54},"end":{"line":12,"column":65}},{"start":{"line":12,"column":68},"end":{"line":12,"column":73}}],"line":12}},"s":{"0":4,"1":4,"2":4,"3":4},"f":{},"b":{"0":[0,4]},"_coverageSchema":"1a1c01bbd47fc00a2c39e90264f33305004495a9","hash":"6ce729d512181428d3dbd717eaf7e14554c8088e"}
,"C:\\Users\\MSI\\Devops\\school-management-system\\backend\\src\\controllers\\attendanceController.js": {"path":"C:\\Users\\MSI\\Devops\\school-management-system\\backend\\src\\controllers\\attendanceController.js","statementMap":{"0":{"start":{"line":1,"column":32},"end":{"line":1,"column":52}},"1":{"start":{"line":3,"column":0},"end":{"line":11,"column":2}},"2":{"start":{"line":4,"column":2},"end":{"line":10,"column":30}},"3":{"start":{"line":5,"column":20},"end":{"line":8,"column":6}},"4":{"start":{"line":9,"column":4},"end":{"line":9,"column":22}},"5":{"start":{"line":10,"column":18},"end":{"line":10,"column":28}},"6":{"start":{"line":13,"column":0},"end":{"line":25,"column":2}},"7":{"start":{"line":14,"column":2},"end":{"line":24,"column":30}},"8":{"start":{"line":15,"column":20},"end":{"line":15,"column":79}},"9":{"start":{"line":16,"column":4},"end":{"line":16,"column":88}},"10":{"start":{"line":16,"column":18},"end":{"line":16,"column":88}},"11":{"start":{"line":18,"column":20},"end":{"line":22,"column":6}},"12":{"start":{"line":23,"column":4},"end":{"line":23,"column":22}},"13":{"start":{"line":24,"column":18},"end":{"line":24,"column":28}},"14":{"start":{"line":27,"column":0},"end":{"line":33,"column":2}},"15":{"start":{"line":28,"column":2},"end":{"line":32,"column":30}},"16":{"start":{"line":29,"column":19},"end":{"line":29,"column":59}},"17":{"start":{"line":30,"column":4},"end":{"line":30,"column":78}},"18":{"start":{"line":30,"column":17},"end":{"line":30,"column":78}},"19":{"start":{"line":31,"column":4},"end":{"line":31,"column":21}},"20":{"start":{"line":32,"column":18},"end":{"line":32,"column":28}},"21":{"start":{"line":35,"column":0},"end":{"line":40,"column":2}},"22":{"start":{"line":36,"column":2},"end":{"line":39,"column":30}},"23":{"start":{"line":37,"column":19},"end":{"line":37,"column":52}},"24":{"start":{"line":38,"column":4},"end":{"line":38,"column":33}},"25":{"start":{"line":39,"column":18},"end":{"line":39,"column":28}},"26":{"start":{"line":42,"column":0},"end":{"line":49,"column":2}},"27":{"start":{"line":43,"column":2},"end":{"line":48,"column":30}},"28":{"start":{"line":44,"column":19},"end":{"line":44,"column":59}},"29":{"start":{"line":45,"column":4},"end":{"line":45,"column":78}},"30":{"start":{"line":45,"column":17},"end":{"line":45,"column":78}},"31":{"start":{"line":46,"column":4},"end":{"line":46,"column":34}},"32":{"start":{"line":47,"column":4},"end":{"line":47,"column":21}},"33":{"start":{"line":48,"column":18},"end":{"line":48,"column":28}},"34":{"start":{"line":51,"column":0},"end":{"line":58,"column":2}},"35":{"start":{"line":52,"column":2},"end":{"line":57,"column":30}},"36":{"start":{"line":53,"column":19},"end":{"line":53,"column":59}},"37":{"start":{"line":54,"column":4},"end":{"line":54,"column":78}},"38":{"start":{"line":54,"column":17},"end":{"line":54,"column":78}},"39":{"start":{"line":55,"column":4},"end":{"line":55,"column":27}},"40":{"start":{"line":56,"column":4},"end":{"line":56,"column":55}},"41":{"start":{"line":57,"column":18},"end":{"line":57,"column":28}}},"fnMap":{"0":{"name":"(anonymous_0)","decl":{"start":{"line":3,"column":17},"end":{"line":3,"column":18}},"loc":{"start":{"line":3,"column":43},"end":{"line":11,"column":1}},"line":3},"1":{"name":"(anonymous_1)","decl":{"start":{"line":13,"column":18},"end":{"line":13,"column":19}},"loc":{"start":{"line":13,"column":44},"end":{"line":25,"column":1}},"line":13},"2":{"name":"(anonymous_2)","decl":{"start":{"line":27,"column":17},"end":{"line":27,"column":18}},"loc":{"start":{"line":27,"column":43},"end":{"line":33,"column":1}},"line":27},"3":{"name":"(anonymous_3)","decl":{"start":{"line":35,"column":17},"end":{"line":35,"column":18}},"loc":{"start":{"line":35,"column":43},"end":{"line":40,"column":1}},"line":35},"4":{"name":"(anonymous_4)","decl":{"start":{"line":42,"column":17},"end":{"line":42,"column":18}},"loc":{"start":{"line":42,"column":43},"end":{"line":49,"column":1}},"line":42},"5":{"name":"(anonymous_5)","decl":{"start":{"line":51,"column":17},"end":{"line":51,"column":18}},"loc":{"start":{"line":51,"column":43},"end":{"line":58,"column":1}},"line":51}},"branchMap":{"0":{"loc":{"start":{"line":16,"column":4},"end":{"line":16,"column":88}},"type":"if","locations":[{"start":{"line":16,"column":4},"end":{"line":16,"column":88}},{"start":{},"end":{}}],"line":16},"1":{"loc":{"start":{"line":30,"column":4},"end":{"line":30,"column":78}},"type":"if","locations":[{"start":{"line":30,"column":4},"end":{"line":30,"column":78}},{"start":{},"end":{}}],"line":30},"2":{"loc":{"start":{"line":45,"column":4},"end":{"line":45,"column":78}},"type":"if","locations":[{"start":{"line":45,"column":4},"end":{"line":45,"column":78}},{"start":{},"end":{}}],"line":45},"3":{"loc":{"start":{"line":54,"column":4},"end":{"line":54,"column":78}},"type":"if","locations":[{"start":{"line":54,"column":4},"end":{"line":54,"column":78}},{"start":{},"end":{}}],"line":54}},"s":{"0":4,"1":4,"2":1,"3":1,"4":1,"5":0,"6":4,"7":0,"8":0,"9":0,"10":0,"11":0,"12":0,"13":0,"14":4,"15":0,"16":0,"17":0,"18":0,"19":0,"20":0,"21":4,"22":1,"23":1,"24":1,"25":0,"26":4,"27":1,"28":1,"29":1,"30":0,"31":1,"32":1,"33":0,"34":4,"35":1,"36":1,"37":1,"38":0,"39":1,"40":1,"41":0},"f":{"0":1,"1":0,"2":0,"3":1,"4":1,"5":1},"b":{"0":[0,0],"1":[0,0],"2":[0,1],"3":[0,1]},"_coverageSchema":"1a1c01bbd47fc00a2c39e90264f33305004495a9","hash":"ae73228fc130892c7625cc48bb366f660b95cfa0"}
,"C:\\Users\\MSI\\Devops\\school-management-system\\backend\\src\\controllers\\authController.js": {"path":"C:\\Users\\MSI\\Devops\\school-management-system\\backend\\src\\controllers\\authController.js","statementMap":{"0":{"start":{"line":1,"column":16},"end":{"line":1,"column":35}},"1":{"start":{"line":2,"column":16},"end":{"line":2,"column":39}},"2":{"start":{"line":3,"column":17},"end":{"line":3,"column":37}},"3":{"start":{"line":4,"column":0},"end":{"line":4,"column":27}},"4":{"start":{"line":6,"column":0},"end":{"line":15,"column":2}},"5":{"start":{"line":7,"column":2},"end":{"line":14,"column":30}},"6":{"start":{"line":8,"column":44},"end":{"line":8,"column":52}},"7":{"start":{"line":9,"column":21},"end":{"line":9,"column":61}},"8":{"start":{"line":10,"column":4},"end":{"line":10,"column":87}},"9":{"start":{"line":10,"column":18},"end":{"line":10,"column":87}},"10":{"start":{"line":11,"column":19},"end":{"line":11,"column":50}},"11":{"start":{"line":12,"column":19},"end":{"line":12,"column":96}},"12":{"start":{"line":13,"column":4},"end":{"line":13,"column":74}},"13":{"start":{"line":14,"column":18},"end":{"line":14,"column":28}},"14":{"start":{"line":17,"column":0},"end":{"line":31,"column":2}},"15":{"start":{"line":18,"column":2},"end":{"line":30,"column":30}},"16":{"start":{"line":19,"column":32},"end":{"line":19,"column":40}},"17":{"start":{"line":20,"column":17},"end":{"line":20,"column":57}},"18":{"start":{"line":21,"column":4},"end":{"line":21,"column":79}},"19":{"start":{"line":21,"column":15},"end":{"line":21,"column":79}},"20":{"start":{"line":22,"column":18},"end":{"line":22,"column":63}},"21":{"start":{"line":23,"column":4},"end":{"line":23,"column":80}},"22":{"start":{"line":23,"column":16},"end":{"line":23,"column":80}},"23":{"start":{"line":24,"column":18},"end":{"line":28,"column":5}},"24":{"start":{"line":29,"column":4},"end":{"line":29,"column":100}},"25":{"start":{"line":30,"column":18},"end":{"line":30,"column":28}},"26":{"start":{"line":33,"column":0},"end":{"line":39,"column":2}},"27":{"start":{"line":34,"column":2},"end":{"line":38,"column":30}},"28":{"start":{"line":35,"column":17},"end":{"line":35,"column":92}},"29":{"start":{"line":36,"column":4},"end":{"line":36,"column":74}},"30":{"start":{"line":36,"column":15},"end":{"line":36,"column":74}},"31":{"start":{"line":37,"column":4},"end":{"line":37,"column":19}},"32":{"start":{"line":38,"column":18},"end":{"line":38,"column":28}},"33":{"start":{"line":41,"column":0},"end":{"line":67,"column":2}},"34":{"start":{"line":42,"column":2},"end":{"line":66,"column":30}},"35":{"start":{"line":43,"column":17},"end":{"line":43,"column":51}},"36":{"start":{"line":44,"column":4},"end":{"line":44,"column":74}},"37":{"start":{"line":44,"column":15},"end":{"line":44,"column":74}},"38":{"start":{"line":46,"column":44},"end":{"line":46,"column":52}},"39":{"start":{"line":47,"column":4},"end":{"line":50,"column":5}},"40":{"start":{"line":48,"column":23},"end":{"line":48,"column":63}},"41":{"start":{"line":49,"column":6},"end":{"line":49,"column":89}},"42":{"start":{"line":49,"column":20},"end":{"line":49,"column":89}},"43":{"start":{"line":52,"column":4},"end":{"line":54,"column":5}},"44":{"start":{"line":53,"column":6},"end":{"line":53,"column":88}},"45":{"start":{"line":56,"column":20},"end":{"line":56,"column":22}},"46":{"start":{"line":57,"column":4},"end":{"line":57,"column":48}},"47":{"start":{"line":57,"column":28},"end":{"line":57,"column":48}},"48":{"start":{"line":58,"column":4},"end":{"line":58,"column":51}},"49":{"start":{"line":58,"column":29},"end":{"line":58,"column":51}},"50":{"start":{"line":59,"column":4},"end":{"line":59,"column":48}},"51":{"start":{"line":59,"column":28},"end":{"line":59,"column":48}},"52":{"start":{"line":60,"column":4},"end":{"line":60,"column":69}},"53":{"start":{"line":60,"column":18},"end":{"line":60,"column":69}},"54":{"start":{"line":62,"column":4},"end":{"line":62,"column":31}},"55":{"start":{"line":63,"column":21},"end":{"line":63,"column":34}},"56":{"start":{"line":64,"column":4},"end":{"line":64,"column":29}},"57":{"start":{"line":65,"column":4},"end":{"line":65,"column":23}},"58":{"start":{"line":66,"column":18},"end":{"line":66,"column":28}},"59":{"start":{"line":69,"column":0},"end":{"line":78,"column":2}},"60":{"start":{"line":70,"column":2},"end":{"line":77,"column":30}},"61":{"start":{"line":71,"column":17},"end":{"line":71,"column":51}},"62":{"start":{"line":72,"column":4},"end":{"line":72,"column":74}},"63":{"start":{"line":72,"column":15},"end":{"line":72,"column":74}},"64":{"start":{"line":73,"column":4},"end":{"line":73,"column":112}},"65":{"start":{"line":73,"column":33},"end":{"line":73,"column":112}},"66":{"start":{"line":75,"column":4},"end":{"line":75,"column":25}},"67":{"start":{"line":76,"column":4},"end":{"line":76,"column":42}},"68":{"start":{"line":77,"column":18},"end":{"line":77,"column":28}}},"fnMap":{"0":{"name":"(anonymous_0)","decl":{"start":{"line":6,"column":19},"end":{"line":6,"column":20}},"loc":{"start":{"line":6,"column":45},"end":{"line":15,"column":1}},"line":6},"1":{"name":"(anonymous_1)","decl":{"start":{"line":17,"column":16},"end":{"line":17,"column":17}},"loc":{"start":{"line":17,"column":42},"end":{"line":31,"column":1}},"line":17},"2":{"name":"(anonymous_2)","decl":{"start":{"line":33,"column":13},"end":{"line":33,"column":14}},"loc":{"start":{"line":33,"column":39},"end":{"line":39,"column":1}},"line":33},"3":{"name":"(anonymous_3)","decl":{"start":{"line":41,"column":21},"end":{"line":41,"column":22}},"loc":{"start":{"line":41,"column":47},"end":{"line":67,"column":1}},"line":41},"4":{"name":"(anonymous_4)","decl":{"start":{"line":69,"column":21},"end":{"line":69,"column":22}},"loc":{"start":{"line":69,"column":47},"end":{"line":78,"column":1}},"line":69}},"branchMap":{"0":{"loc":{"start":{"line":10,"column":4},"end":{"line":10,"column":87}},"type":"if","locations":[{"start":{"line":10,"column":4},"end":{"line":10,"column":87}},{"start":{},"end":{}}],"line":10},"1":{"loc":{"start":{"line":12,"column":76},"end":{"line":12,"column":93}},"type":"binary-expr","locations":[{"start":{"line":12,"column":76},"end":{"line":12,"column":80}},{"start":{"line":12,"column":84},"end":{"line":12,"column":93}}],"line":12},"2":{"loc":{"start":{"line":21,"column":4},"end":{"line":21,"column":79}},"type":"if","locations":[{"start":{"line":21,"column":4},"end":{"line":21,"column":79}},{"start":{},"end":{}}],"line":21},"3":{"loc":{"start":{"line":23,"column":4},"end":{"line":23,"column":80}},"type":"if","locations":[{"start":{"line":23,"column":4},"end":{"line":23,"column":80}},{"start":{},"end":{}}],"line":23},"4":{"loc":{"start":{"line":36,"column":4},"end":{"line":36,"column":74}},"type":"if","locations":[{"start":{"line":36,"column":4},"end":{"line":36,"column":74}},{"start":{},"end":{}}],"line":36},"5":{"loc":{"start":{"line":44,"column":4},"end":{"line":44,"column":74}},"type":"if","locations":[{"start":{"line":44,"column":4},"end":{"line":44,"column":74}},{"start":{},"end":{}}],"line":44},"6":{"loc":{"start":{"line":47,"column":4},"end":{"line":50,"column":5}},"type":"if","locations":[{"start":{"line":47,"column":4},"end":{"line":50,"column":5}},{"start":{},"end":{}}],"line":47},"7":{"loc":{"start":{"line":47,"column":8},"end":{"line":47,"column":37}},"type":"binary-expr","locations":[{"start":{"line":47,"column":8},"end":{"line":47,"column":13}},{"start":{"line":47,"column":17},"end":{"line":47,"column":37}}],"line":47},"8":{"loc":{"start":{"line":49,"column":6},"end":{"line":49,"column":89}},"type":"if","locations":[{"start":{"line":49,"column":6},"end":{"line":49,"column":89}},{"start":{},"end":{}}],"line":49},"9":{"loc":{"start":{"line":52,"column":4},"end":{"line":54,"column":5}},"type":"if","locations":[{"start":{"line":52,"column":4},"end":{"line":54,"column":5}},{"start":{},"end":{}}],"line":52},"10":{"loc":{"start":{"line":52,"column":8},"end":{"line":52,"column":59}},"type":"binary-expr","locations":[{"start":{"line":52,"column":8},"end":{"line":52,"column":31}},{"start":{"line":52,"column":35},"end":{"line":52,"column":39}},{"start":{"line":52,"column":43},"end":{"line":52,"column":59}}],"line":52},"11":{"loc":{"start":{"line":57,"column":4},"end":{"line":57,"column":48}},"type":"if","locations":[{"start":{"line":57,"column":4},"end":{"line":57,"column":48}},{"start":{},"end":{}}],"line":57},"12":{"loc":{"start":{"line":58,"column":4},"end":{"line":58,"column":51}},"type":"if","locations":[{"start":{"line":58,"column":4},"end":{"line":58,"column":51}},{"start":{},"end":{}}],"line":58},"13":{"loc":{"start":{"line":59,"column":4},"end":{"line":59,"column":48}},"type":"if","locations":[{"start":{"line":59,"column":4},"end":{"line":59,"column":48}},{"start":{},"end":{}}],"line":59},"14":{"loc":{"start":{"line":60,"column":4},"end":{"line":60,"column":69}},"type":"if","locations":[{"start":{"line":60,"column":4},"end":{"line":60,"column":69}},{"start":{},"end":{}}],"line":60},"15":{"loc":{"start":{"line":72,"column":4},"end":{"line":72,"column":74}},"type":"if","locations":[{"start":{"line":72,"column":4},"end":{"line":72,"column":74}},{"start":{},"end":{}}],"line":72},"16":{"loc":{"start":{"line":73,"column":4},"end":{"line":73,"column":112}},"type":"if","locations":[{"start":{"line":73,"column":4},"end":{"line":73,"column":112}},{"start":{},"end":{}}],"line":73}},"s":{"0":4,"1":4,"2":4,"3":4,"4":4,"5":5,"6":5,"7":5,"8":5,"9":1,"10":4,"11":4,"12":4,"13":0,"14":4,"15":6,"16":6,"17":6,"18":6,"19":1,"20":5,"21":5,"22":1,"23":4,"24":4,"25":0,"26":4,"27":0,"28":0,"29":0,"30":0,"31":0,"32":0,"33":4,"34":0,"35":0,"36":0,"37":0,"38":0,"39":0,"40":0,"41":0,"42":0,"43":0,"44":0,"45":0,"46":0,"47":0,"48":0,"49":0,"50":0,"51":0,"52":0,"53":0,"54":0,"55":0,"56":0,"57":0,"58":0,"59":4,"60":0,"61":0,"62":0,"63":0,"64":0,"65":0,"66":0,"67":0,"68":0},"f":{"0":5,"1":6,"2":0,"3":0,"4":0},"b":{"0":[1,4],"1":[4,0],"2":[1,5],"3":[1,4],"4":[0,0],"5":[0,0],"6":[0,0],"7":[0,0],"8":[0,0],"9":[0,0],"10":[0,0,0],"11":[0,0],"12":[0,0],"13":[0,0],"14":[0,0],"15":[0,0],"16":[0,0]},"_coverageSchema":"1a1c01bbd47fc00a2c39e90264f33305004495a9","hash":"740d1c1d04ae29cbc9218e73e894f6ee5e85e36e"}
,"C:\\Users\\MSI\\Devops\\school-management-system\\backend\\src\\controllers\\classController.js": {"path":"C:\\Users\\MSI\\Devops\\school-management-system\\backend\\src\\controllers\\classController.js","statementMap":{"0":{"start":{"line":1,"column":36},"end":{"line":1,"column":56}},"1":{"start":{"line":3,"column":26},"end":{"line":7,"column":2}},"2":{"start":{"line":3,"column":37},"end":{"line":7,"column":1}},"3":{"start":{"line":9,"column":0},"end":{"line":20,"column":2}},"4":{"start":{"line":10,"column":2},"end":{"line":19,"column":30}},"5":{"start":{"line":11,"column":20},"end":{"line":17,"column":6}},"6":{"start":{"line":18,"column":4},"end":{"line":18,"column":22}},"7":{"start":{"line":19,"column":18},"end":{"line":19,"column":28}},"8":{"start":{"line":22,"column":0},"end":{"line":33,"column":2}},"9":{"start":{"line":23,"column":2},"end":{"line":32,"column":30}},"10":{"start":{"line":24,"column":16},"end":{"line":29,"column":6}},"11":{"start":{"line":30,"column":4},"end":{"line":30,"column":74}},"12":{"start":{"line":30,"column":14},"end":{"line":30,"column":74}},"13":{"start":{"line":31,"column":4},"end":{"line":31,"column":18}},"14":{"start":{"line":32,"column":18},"end":{"line":32,"column":28}},"15":{"start":{"line":35,"column":0},"end":{"line":40,"column":2}},"16":{"start":{"line":36,"column":2},"end":{"line":39,"column":30}},"17":{"start":{"line":37,"column":16},"end":{"line":37,"column":63}},"18":{"start":{"line":38,"column":4},"end":{"line":38,"column":30}},"19":{"start":{"line":39,"column":18},"end":{"line":39,"column":28}},"20":{"start":{"line":42,"column":0},"end":{"line":49,"column":2}},"21":{"start":{"line":43,"column":2},"end":{"line":48,"column":30}},"22":{"start":{"line":44,"column":16},"end":{"line":44,"column":51}},"23":{"start":{"line":45,"column":4},"end":{"line":45,"column":74}},"24":{"start":{"line":45,"column":14},"end":{"line":45,"column":74}},"25":{"start":{"line":46,"column":4},"end":{"line":46,"column":50}},"26":{"start":{"line":47,"column":4},"end":{"line":47,"column":18}},"27":{"start":{"line":48,"column":18},"end":{"line":48,"column":28}},"28":{"start":{"line":51,"column":0},"end":{"line":58,"column":2}},"29":{"start":{"line":52,"column":2},"end":{"line":57,"column":30}},"30":{"start":{"line":53,"column":16},"end":{"line":53,"column":51}},"31":{"start":{"line":54,"column":4},"end":{"line":54,"column":74}},"32":{"start":{"line":54,"column":14},"end":{"line":54,"column":74}},"33":{"start":{"line":55,"column":4},"end":{"line":55,"column":24}},"34":{"start":{"line":56,"column":4},"end":{"line":56,"column":43}},"35":{"start":{"line":57,"column":18},"end":{"line":57,"column":28}}},"fnMap":{"0":{"name":"(anonymous_0)","decl":{"start":{"line":3,"column":26},"end":{"line":3,"column":27}},"loc":{"start":{"line":3,"column":37},"end":{"line":7,"column":1}},"line":3},"1":{"name":"(anonymous_1)","decl":{"start":{"line":9,"column":17},"end":{"line":9,"column":18}},"loc":{"start":{"line":9,"column":43},"end":{"line":20,"column":1}},"line":9},"2":{"name":"(anonymous_2)","decl":{"start":{"line":22,"column":17},"end":{"line":22,"column":18}},"loc":{"start":{"line":22,"column":43},"end":{"line":33,"column":1}},"line":22},"3":{"name":"(anonymous_3)","decl":{"start":{"line":35,"column":17},"end":{"line":35,"column":18}},"loc":{"start":{"line":35,"column":43},"end":{"line":40,"column":1}},"line":35},"4":{"name":"(anonymous_4)","decl":{"start":{"line":42,"column":17},"end":{"line":42,"column":18}},"loc":{"start":{"line":42,"column":43},"end":{"line":49,"column":1}},"line":42},"5":{"name":"(anonymous_5)","decl":{"start":{"line":51,"column":17},"end":{"line":51,"column":18}},"loc":{"start":{"line":51,"column":43},"end":{"line":58,"column":1}},"line":51}},"branchMap":{"0":{"loc":{"start":{"line":5,"column":13},"end":{"line":5,"column":35}},"type":"binary-expr","locations":[{"start":{"line":5,"column":13},"end":{"line":5,"column":27}},{"start":{"line":5,"column":31},"end":{"line":5,"column":35}}],"line":5},"1":{"loc":{"start":{"line":6,"column":12},"end":{"line":6,"column":92}},"type":"cond-expr","locations":[{"start":{"line":6,"column":66},"end":{"line":6,"column":68}},{"start":{"line":6,"column":71},"end":{"line":6,"column":92}}],"line":6},"2":{"loc":{"start":{"line":6,"column":12},"end":{"line":6,"column":63}},"type":"binary-expr","locations":[{"start":{"line":6,"column":12},"end":{"line":6,"column":32}},{"start":{"line":6,"column":36},"end":{"line":6,"column":63}}],"line":6},"3":{"loc":{"start":{"line":30,"column":4},"end":{"line":30,"column":74}},"type":"if","locations":[{"start":{"line":30,"column":4},"end":{"line":30,"column":74}},{"start":{},"end":{}}],"line":30},"4":{"loc":{"start":{"line":45,"column":4},"end":{"line":45,"column":74}},"type":"if","locations":[{"start":{"line":45,"column":4},"end":{"line":45,"column":74}},{"start":{},"end":{}}],"line":45},"5":{"loc":{"start":{"line":54,"column":4},"end":{"line":54,"column":74}},"type":"if","locations":[{"start":{"line":54,"column":4},"end":{"line":54,"column":74}},{"start":{},"end":{}}],"line":54}},"s":{"0":4,"1":4,"2":0,"3":4,"4":0,"5":0,"6":0,"7":0,"8":4,"9":0,"10":0,"11":0,"12":0,"13":0,"14":0,"15":4,"16":0,"17":0,"18":0,"19":0,"20":4,"21":0,"22":0,"23":0,"24":0,"25":0,"26":0,"27":0,"28":4,"29":0,"30":0,"31":0,"32":0,"33":0,"34":0,"35":0},"f":{"0":0,"1":0,"2":0,"3":0,"4":0,"5":0},"b":{"0":[0,0],"1":[0,0],"2":[0,0],"3":[0,0],"4":[0,0],"5":[0,0]},"_coverageSchema":"1a1c01bbd47fc00a2c39e90264f33305004495a9","hash":"97b641fd4866ad4a608476fb0656cb8485447119"}
,"C:\\Users\\MSI\\Devops\\school-management-system\\backend\\src\\controllers\\gradeController.js": {"path":"C:\\Users\\MSI\\Devops\\school-management-system\\backend\\src\\controllers\\gradeController.js","statementMap":{"0":{"start":{"line":1,"column":34},"end":{"line":1,"column":54}},"1":{"start":{"line":3,"column":0},"end":{"line":13,"column":2}},"2":{"start":{"line":4,"column":2},"end":{"line":12,"column":30}},"3":{"start":{"line":5,"column":19},"end":{"line":10,"column":6}},"4":{"start":{"line":11,"column":4},"end":{"line":11,"column":21}},"5":{"start":{"line":12,"column":18},"end":{"line":12,"column":28}},"6":{"start":{"line":15,"column":0},"end":{"line":26,"column":2}},"7":{"start":{"line":16,"column":2},"end":{"line":25,"column":30}},"8":{"start":{"line":17,"column":20},"end":{"line":17,"column":79}},"9":{"start":{"line":18,"column":4},"end":{"line":18,"column":88}},"10":{"start":{"line":18,"column":18},"end":{"line":18,"column":88}},"11":{"start":{"line":20,"column":19},"end":{"line":23,"column":6}},"12":{"start":{"line":24,"column":4},"end":{"line":24,"column":21}},"13":{"start":{"line":25,"column":18},"end":{"line":25,"column":28}},"14":{"start":{"line":28,"column":0},"end":{"line":36,"column":2}},"15":{"start":{"line":29,"column":2},"end":{"line":35,"column":30}},"16":{"start":{"line":30,"column":19},"end":{"line":33,"column":6}},"17":{"start":{"line":34,"column":4},"end":{"line":34,"column":21}},"18":{"start":{"line":35,"column":18},"end":{"line":35,"column":28}},"19":{"start":{"line":38,"column":0},"end":{"line":52,"column":2}},"20":{"start":{"line":39,"column":2},"end":{"line":51,"column":30}},"21":{"start":{"line":40,"column":33},"end":{"line":40,"column":41}},"22":{"start":{"line":41,"column":20},"end":{"line":41,"column":53}},"23":{"start":{"line":42,"column":4},"end":{"line":42,"column":80}},"24":{"start":{"line":42,"column":18},"end":{"line":42,"column":80}},"25":{"start":{"line":44,"column":16},"end":{"line":44,"column":19}},"26":{"start":{"line":45,"column":4},"end":{"line":48,"column":38}},"27":{"start":{"line":45,"column":21},"end":{"line":45,"column":33}},"28":{"start":{"line":46,"column":9},"end":{"line":48,"column":38}},"29":{"start":{"line":46,"column":26},"end":{"line":46,"column":38}},"30":{"start":{"line":47,"column":9},"end":{"line":48,"column":38}},"31":{"start":{"line":47,"column":26},"end":{"line":47,"column":38}},"32":{"start":{"line":48,"column":9},"end":{"line":48,"column":38}},"33":{"start":{"line":48,"column":26},"end":{"line":48,"column":38}},"34":{"start":{"line":49,"column":14},"end":{"line":49,"column":102}},"35":{"start":{"line":50,"column":4},"end":{"line":50,"column":28}},"36":{"start":{"line":51,"column":18},"end":{"line":51,"column":28}},"37":{"start":{"line":54,"column":0},"end":{"line":70,"column":2}},"38":{"start":{"line":55,"column":2},"end":{"line":69,"column":30}},"39":{"start":{"line":56,"column":14},"end":{"line":56,"column":49}},"40":{"start":{"line":57,"column":4},"end":{"line":57,"column":72}},"41":{"start":{"line":57,"column":12},"end":{"line":57,"column":72}},"42":{"start":{"line":58,"column":22},"end":{"line":58,"column":30}},"43":{"start":{"line":59,"column":16},"end":{"line":59,"column":23}},"44":{"start":{"line":60,"column":4},"end":{"line":66,"column":5}},"45":{"start":{"line":61,"column":6},"end":{"line":65,"column":23}},"46":{"start":{"line":61,"column":23},"end":{"line":61,"column":35}},"47":{"start":{"line":62,"column":11},"end":{"line":65,"column":23}},"48":{"start":{"line":62,"column":28},"end":{"line":62,"column":40}},"49":{"start":{"line":63,"column":11},"end":{"line":65,"column":23}},"50":{"start":{"line":63,"column":28},"end":{"line":63,"column":40}},"51":{"start":{"line":64,"column":11},"end":{"line":65,"column":23}},"52":{"start":{"line":64,"column":28},"end":{"line":64,"column":40}},"53":{"start":{"line":65,"column":11},"end":{"line":65,"column":23}},"54":{"start":{"line":67,"column":4},"end":{"line":67,"column":43}},"55":{"start":{"line":68,"column":4},"end":{"line":68,"column":16}},"56":{"start":{"line":69,"column":18},"end":{"line":69,"column":28}},"57":{"start":{"line":72,"column":0},"end":{"line":79,"column":2}},"58":{"start":{"line":73,"column":2},"end":{"line":78,"column":30}},"59":{"start":{"line":74,"column":14},"end":{"line":74,"column":49}},"60":{"start":{"line":75,"column":4},"end":{"line":75,"column":72}},"61":{"start":{"line":75,"column":12},"end":{"line":75,"column":72}},"62":{"start":{"line":76,"column":4},"end":{"line":76,"column":22}},"63":{"start":{"line":77,"column":4},"end":{"line":77,"column":43}},"64":{"start":{"line":78,"column":18},"end":{"line":78,"column":28}}},"fnMap":{"0":{"name":"(anonymous_0)","decl":{"start":{"line":3,"column":17},"end":{"line":3,"column":18}},"loc":{"start":{"line":3,"column":43},"end":{"line":13,"column":1}},"line":3},"1":{"name":"(anonymous_1)","decl":{"start":{"line":15,"column":18},"end":{"line":15,"column":19}},"loc":{"start":{"line":15,"column":44},"end":{"line":26,"column":1}},"line":15},"2":{"name":"(anonymous_2)","decl":{"start":{"line":28,"column":23},"end":{"line":28,"column":24}},"loc":{"start":{"line":28,"column":49},"end":{"line":36,"column":1}},"line":28},"3":{"name":"(anonymous_3)","decl":{"start":{"line":38,"column":17},"end":{"line":38,"column":18}},"loc":{"start":{"line":38,"column":43},"end":{"line":52,"column":1}},"line":38},"4":{"name":"(anonymous_4)","decl":{"start":{"line":54,"column":17},"end":{"line":54,"column":18}},"loc":{"start":{"line":54,"column":43},"end":{"line":70,"column":1}},"line":54},"5":{"name":"(anonymous_5)","decl":{"start":{"line":72,"column":17},"end":{"line":72,"column":18}},"loc":{"start":{"line":72,"column":43},"end":{"line":79,"column":1}},"line":72}},"branchMap":{"0":{"loc":{"start":{"line":18,"column":4},"end":{"line":18,"column":88}},"type":"if","locations":[{"start":{"line":18,"column":4},"end":{"line":18,"column":88}},{"start":{},"end":{}}],"line":18},"1":{"loc":{"start":{"line":42,"column":4},"end":{"line":42,"column":80}},"type":"if","locations":[{"start":{"line":42,"column":4},"end":{"line":42,"column":80}},{"start":{},"end":{}}],"line":42},"2":{"loc":{"start":{"line":45,"column":4},"end":{"line":48,"column":38}},"type":"if","locations":[{"start":{"line":45,"column":4},"end":{"line":48,"column":38}},{"start":{"line":46,"column":9},"end":{"line":48,"column":38}}],"line":45},"3":{"loc":{"start":{"line":46,"column":9},"end":{"line":48,"column":38}},"type":"if","locations":[{"start":{"line":46,"column":9},"end":{"line":48,"column":38}},{"start":{"line":47,"column":9},"end":{"line":48,"column":38}}],"line":46},"4":{"loc":{"start":{"line":47,"column":9},"end":{"line":48,"column":38}},"type":"if","locations":[{"start":{"line":47,"column":9},"end":{"line":48,"column":38}},{"start":{"line":48,"column":9},"end":{"line":48,"column":38}}],"line":47},"5":{"loc":{"start":{"line":48,"column":9},"end":{"line":48,"column":38}},"type":"if","locations":[{"start":{"line":48,"column":9},"end":{"line":48,"column":38}},{"start":{},"end":{}}],"line":48},"6":{"loc":{"start":{"line":49,"column":57},"end":{"line":49,"column":92}},"type":"binary-expr","locations":[{"start":{"line":49,"column":57},"end":{"line":49,"column":73}},{"start":{"line":49,"column":77},"end":{"line":49,"column":92}}],"line":49},"7":{"loc":{"start":{"line":57,"column":4},"end":{"line":57,"column":72}},"type":"if","locations":[{"start":{"line":57,"column":4},"end":{"line":57,"column":72}},{"start":{},"end":{}}],"line":57},"8":{"loc":{"start":{"line":60,"column":4},"end":{"line":66,"column":5}},"type":"if","locations":[{"start":{"line":60,"column":4},"end":{"line":66,"column":5}},{"start":{},"end":{}}],"line":60},"9":{"loc":{"start":{"line":61,"column":6},"end":{"line":65,"column":23}},"type":"if","locations":[{"start":{"line":61,"column":6},"end":{"line":65,"column":23}},{"start":{"line":62,"column":11},"end":{"line":65,"column":23}}],"line":61},"10":{"loc":{"start":{"line":62,"column":11},"end":{"line":65,"column":23}},"type":"if","locations":[{"start":{"line":62,"column":11},"end":{"line":65,"column":23}},{"start":{"line":63,"column":11},"end":{"line":65,"column":23}}],"line":62},"11":{"loc":{"start":{"line":63,"column":11},"end":{"line":65,"column":23}},"type":"if","locations":[{"start":{"line":63,"column":11},"end":{"line":65,"column":23}},{"start":{"line":64,"column":11},"end":{"line":65,"column":23}}],"line":63},"12":{"loc":{"start":{"line":64,"column":11},"end":{"line":65,"column":23}},"type":"if","locations":[{"start":{"line":64,"column":11},"end":{"line":65,"column":23}},{"start":{"line":65,"column":11},"end":{"line":65,"column":23}}],"line":64},"13":{"loc":{"start":{"line":75,"column":4},"end":{"line":75,"column":72}},"type":"if","locations":[{"start":{"line":75,"column":4},"end":{"line":75,"column":72}},{"start":{},"end":{}}],"line":75}},"s":{"0":4,"1":4,"2":0,"3":0,"4":0,"5":0,"6":4,"7":0,"8":0,"9":0,"10":0,"11":0,"12":0,"13":0,"14":4,"15":0,"16":0,"17":0,"18":0,"19":4,"20":0,"21":0,"22":0,"23":0,"24":0,"25":0,"26":0,"27":0,"28":0,"29":0,"30":0,"31":0,"32":0,"33":0,"34":0,"35":0,"36":0,"37":4,"38":0,"39":0,"40":0,"41":0,"42":0,"43":0,"44":0,"45":0,"46":0,"47":0,"48":0,"49":0,"50":0,"51":0,"52":0,"53":0,"54":0,"55":0,"56":0,"57":4,"58":0,"59":0,"60":0,"61":0,"62":0,"63":0,"64":0},"f":{"0":0,"1":0,"2":0,"3":0,"4":0,"5":0},"b":{"0":[0,0],"1":[0,0],"2":[0,0],"3":[0,0],"4":[0,0],"5":[0,0],"6":[0,0],"7":[0,0],"8":[0,0],"9":[0,0],"10":[0,0],"11":[0,0],"12":[0,0],"13":[0,0]},"_coverageSchema":"1a1c01bbd47fc00a2c39e90264f33305004495a9","hash":"7ee8fb765d0e68cf901f9f4ecf44e3b55571ed9c"}
,"C:\\Users\\MSI\\Devops\\school-management-system\\backend\\src\\controllers\\studentController.js": {"path":"C:\\Users\\MSI\\Devops\\school-management-system\\backend\\src\\controllers\\studentController.js","statementMap":{"0":{"start":{"line":1,"column":27},"end":{"line":1,"column":47}},"1":{"start":{"line":3,"column":28},"end":{"line":15,"column":1}},"2":{"start":{"line":4,"column":18},"end":{"line":7,"column":3}},"3":{"start":{"line":9,"column":2},"end":{"line":12,"column":3}},"4":{"start":{"line":10,"column":16},"end":{"line":10,"column":53}},"5":{"start":{"line":11,"column":4},"end":{"line":11,"column":39}},"6":{"start":{"line":11,"column":13},"end":{"line":11,"column":39}},"7":{"start":{"line":14,"column":2},"end":{"line":14,"column":17}},"8":{"start":{"line":17,"column":0},"end":{"line":22,"column":2}},"9":{"start":{"line":18,"column":2},"end":{"line":21,"column":30}},"10":{"start":{"line":19,"column":21},"end":{"line":19,"column":78}},"11":{"start":{"line":20,"column":4},"end":{"line":20,"column":23}},"12":{"start":{"line":21,"column":18},"end":{"line":21,"column":28}},"13":{"start":{"line":24,"column":0},"end":{"line":30,"column":2}},"14":{"start":{"line":25,"column":2},"end":{"line":29,"column":30}},"15":{"start":{"line":26,"column":20},"end":{"line":26,"column":79}},"16":{"start":{"line":27,"column":4},"end":{"line":27,"column":88}},"17":{"start":{"line":27,"column":18},"end":{"line":27,"column":88}},"18":{"start":{"line":28,"column":4},"end":{"line":28,"column":22}},"19":{"start":{"line":29,"column":18},"end":{"line":29,"column":28}},"20":{"start":{"line":32,"column":0},"end":{"line":38,"column":2}},"21":{"start":{"line":33,"column":2},"end":{"line":37,"column":30}},"22":{"start":{"line":34,"column":20},"end":{"line":34,"column":57}},"23":{"start":{"line":35,"column":4},"end":{"line":35,"column":80}},"24":{"start":{"line":35,"column":18},"end":{"line":35,"column":80}},"25":{"start":{"line":36,"column":4},"end":{"line":36,"column":22}},"26":{"start":{"line":37,"column":18},"end":{"line":37,"column":28}},"27":{"start":{"line":40,"column":0},"end":{"line":48,"column":2}},"28":{"start":{"line":41,"column":2},"end":{"line":47,"column":30}},"29":{"start":{"line":42,"column":21},"end":{"line":42,"column":80}},"30":{"start":{"line":43,"column":4},"end":{"line":43,"column":87}},"31":{"start":{"line":43,"column":18},"end":{"line":43,"column":87}},"32":{"start":{"line":45,"column":20},"end":{"line":45,"column":77}},"33":{"start":{"line":46,"column":4},"end":{"line":46,"column":34}},"34":{"start":{"line":47,"column":18},"end":{"line":47,"column":28}},"35":{"start":{"line":50,"column":0},"end":{"line":63,"column":2}},"36":{"start":{"line":51,"column":2},"end":{"line":62,"column":30}},"37":{"start":{"line":52,"column":20},"end":{"line":52,"column":57}},"38":{"start":{"line":53,"column":4},"end":{"line":53,"column":80}},"39":{"start":{"line":53,"column":18},"end":{"line":53,"column":80}},"40":{"start":{"line":55,"column":4},"end":{"line":58,"column":5}},"41":{"start":{"line":56,"column":23},"end":{"line":56,"column":82}},"42":{"start":{"line":57,"column":6},"end":{"line":57,"column":89}},"43":{"start":{"line":57,"column":20},"end":{"line":57,"column":89}},"44":{"start":{"line":60,"column":4},"end":{"line":60,"column":62}},"45":{"start":{"line":61,"column":4},"end":{"line":61,"column":22}},"46":{"start":{"line":62,"column":18},"end":{"line":62,"column":28}},"47":{"start":{"line":65,"column":0},"end":{"line":72,"column":2}},"48":{"start":{"line":66,"column":2},"end":{"line":71,"column":30}},"49":{"start":{"line":67,"column":20},"end":{"line":67,"column":57}},"50":{"start":{"line":68,"column":4},"end":{"line":68,"column":80}},"51":{"start":{"line":68,"column":18},"end":{"line":68,"column":80}},"52":{"start":{"line":69,"column":4},"end":{"line":69,"column":28}},"53":{"start":{"line":70,"column":4},"end":{"line":70,"column":58}},"54":{"start":{"line":71,"column":18},"end":{"line":71,"column":28}}},"fnMap":{"0":{"name":"(anonymous_0)","decl":{"start":{"line":3,"column":28},"end":{"line":3,"column":29}},"loc":{"start":{"line":3,"column":44},"end":{"line":15,"column":1}},"line":3},"1":{"name":"(anonymous_1)","decl":{"start":{"line":17,"column":17},"end":{"line":17,"column":18}},"loc":{"start":{"line":17,"column":43},"end":{"line":22,"column":1}},"line":17},"2":{"name":"(anonymous_2)","decl":{"start":{"line":24,"column":18},"end":{"line":24,"column":19}},"loc":{"start":{"line":24,"column":44},"end":{"line":30,"column":1}},"line":24},"3":{"name":"(anonymous_3)","decl":{"start":{"line":32,"column":17},"end":{"line":32,"column":18}},"loc":{"start":{"line":32,"column":43},"end":{"line":38,"column":1}},"line":32},"4":{"name":"(anonymous_4)","decl":{"start":{"line":40,"column":17},"end":{"line":40,"column":18}},"loc":{"start":{"line":40,"column":43},"end":{"line":48,"column":1}},"line":40},"5":{"name":"(anonymous_5)","decl":{"start":{"line":50,"column":17},"end":{"line":50,"column":18}},"loc":{"start":{"line":50,"column":43},"end":{"line":63,"column":1}},"line":50},"6":{"name":"(anonymous_6)","decl":{"start":{"line":65,"column":17},"end":{"line":65,"column":18}},"loc":{"start":{"line":65,"column":43},"end":{"line":72,"column":1}},"line":65}},"branchMap":{"0":{"loc":{"start":{"line":6,"column":13},"end":{"line":6,"column":33}},"type":"binary-expr","locations":[{"start":{"line":6,"column":13},"end":{"line":6,"column":25}},{"start":{"line":6,"column":29},"end":{"line":6,"column":33}}],"line":6},"1":{"loc":{"start":{"line":9,"column":2},"end":{"line":12,"column":3}},"type":"if","locations":[{"start":{"line":9,"column":2},"end":{"line":12,"column":3}},{"start":{},"end":{}}],"line":9},"2":{"loc":{"start":{"line":9,"column":6},"end":{"line":9,"column":39}},"type":"binary-expr","locations":[{"start":{"line":9,"column":6},"end":{"line":9,"column":21}},{"start":{"line":9,"column":25},"end":{"line":9,"column":39}}],"line":9},"3":{"loc":{"start":{"line":11,"column":4},"end":{"line":11,"column":39}},"type":"if","locations":[{"start":{"line":11,"column":4},"end":{"line":11,"column":39}},{"start":{},"end":{}}],"line":11},"4":{"loc":{"start":{"line":27,"column":4},"end":{"line":27,"column":88}},"type":"if","locations":[{"start":{"line":27,"column":4},"end":{"line":27,"column":88}},{"start":{},"end":{}}],"line":27},"5":{"loc":{"start":{"line":35,"column":4},"end":{"line":35,"column":80}},"type":"if","locations":[{"start":{"line":35,"column":4},"end":{"line":35,"column":80}},{"start":{},"end":{}}],"line":35},"6":{"loc":{"start":{"line":43,"column":4},"end":{"line":43,"column":87}},"type":"if","locations":[{"start":{"line":43,"column":4},"end":{"line":43,"column":87}},{"start":{},"end":{}}],"line":43},"7":{"loc":{"start":{"line":53,"column":4},"end":{"line":53,"column":80}},"type":"if","locations":[{"start":{"line":53,"column":4},"end":{"line":53,"column":80}},{"start":{},"end":{}}],"line":53},"8":{"loc":{"start":{"line":55,"column":4},"end":{"line":58,"column":5}},"type":"if","locations":[{"start":{"line":55,"column":4},"end":{"line":58,"column":5}},{"start":{},"end":{}}],"line":55},"9":{"loc":{"start":{"line":55,"column":8},"end":{"line":55,"column":58}},"type":"binary-expr","locations":[{"start":{"line":55,"column":8},"end":{"line":55,"column":22}},{"start":{"line":55,"column":26},"end":{"line":55,"column":58}}],"line":55},"10":{"loc":{"start":{"line":57,"column":6},"end":{"line":57,"column":89}},"type":"if","locations":[{"start":{"line":57,"column":6},"end":{"line":57,"column":89}},{"start":{},"end":{}}],"line":57},"11":{"loc":{"start":{"line":68,"column":4},"end":{"line":68,"column":80}},"type":"if","locations":[{"start":{"line":68,"column":4},"end":{"line":68,"column":80}},{"start":{},"end":{}}],"line":68}},"s":{"0":4,"1":4,"2":3,"3":3,"4":0,"5":0,"6":0,"7":3,"8":4,"9":1,"10":1,"11":1,"12":0,"13":4,"14":0,"15":0,"16":0,"17":0,"18":0,"19":0,"20":4,"21":0,"22":0,"23":0,"24":0,"25":0,"26":0,"27":4,"28":2,"29":2,"30":2,"31":0,"32":2,"33":2,"34":0,"35":4,"36":1,"37":1,"38":1,"39":0,"40":1,"41":0,"42":0,"43":0,"44":1,"45":1,"46":0,"47":4,"48":1,"49":1,"50":1,"51":0,"52":1,"53":1,"54":0},"f":{"0":3,"1":1,"2":0,"3":0,"4":2,"5":1,"6":1},"b":{"0":[3,3],"1":[0,3],"2":[3,0],"3":[0,0],"4":[0,0],"5":[0,0],"6":[0,2],"7":[0,1],"8":[0,1],"9":[1,0],"10":[0,0],"11":[0,1]},"_coverageSchema":"1a1c01bbd47fc00a2c39e90264f33305004495a9","hash":"01d022e506405b98f41f7d6a5a46246b24b5514c"}
,"C:\\Users\\MSI\\Devops\\school-management-system\\backend\\src\\controllers\\teacherController.js": {"path":"C:\\Users\\MSI\\Devops\\school-management-system\\backend\\src\\controllers\\teacherController.js","statementMap":{"0":{"start":{"line":1,"column":20},"end":{"line":1,"column":40}},"1":{"start":{"line":3,"column":0},"end":{"line":8,"column":2}},"2":{"start":{"line":4,"column":2},"end":{"line":7,"column":30}},"3":{"start":{"line":5,"column":21},"end":{"line":5,"column":78}},"4":{"start":{"line":6,"column":4},"end":{"line":6,"column":23}},"5":{"start":{"line":7,"column":18},"end":{"line":7,"column":28}},"6":{"start":{"line":10,"column":0},"end":{"line":16,"column":2}},"7":{"start":{"line":11,"column":2},"end":{"line":15,"column":30}},"8":{"start":{"line":12,"column":20},"end":{"line":12,"column":57}},"9":{"start":{"line":13,"column":4},"end":{"line":13,"column":80}},"10":{"start":{"line":13,"column":18},"end":{"line":13,"column":80}},"11":{"start":{"line":14,"column":4},"end":{"line":14,"column":22}},"12":{"start":{"line":15,"column":18},"end":{"line":15,"column":28}},"13":{"start":{"line":18,"column":0},"end":{"line":23,"column":2}},"14":{"start":{"line":19,"column":2},"end":{"line":22,"column":30}},"15":{"start":{"line":20,"column":20},"end":{"line":20,"column":50}},"16":{"start":{"line":21,"column":4},"end":{"line":21,"column":34}},"17":{"start":{"line":22,"column":18},"end":{"line":22,"column":28}},"18":{"start":{"line":25,"column":0},"end":{"line":32,"column":2}},"19":{"start":{"line":26,"column":2},"end":{"line":31,"column":30}},"20":{"start":{"line":27,"column":20},"end":{"line":27,"column":57}},"21":{"start":{"line":28,"column":4},"end":{"line":28,"column":80}},"22":{"start":{"line":28,"column":18},"end":{"line":28,"column":80}},"23":{"start":{"line":29,"column":4},"end":{"line":29,"column":35}},"24":{"start":{"line":30,"column":4},"end":{"line":30,"column":22}},"25":{"start":{"line":31,"column":18},"end":{"line":31,"column":28}},"26":{"start":{"line":34,"column":0},"end":{"line":41,"column":2}},"27":{"start":{"line":35,"column":2},"end":{"line":40,"column":30}},"28":{"start":{"line":36,"column":20},"end":{"line":36,"column":57}},"29":{"start":{"line":37,"column":4},"end":{"line":37,"column":80}},"30":{"start":{"line":37,"column":18},"end":{"line":37,"column":80}},"31":{"start":{"line":38,"column":4},"end":{"line":38,"column":28}},"32":{"start":{"line":39,"column":4},"end":{"line":39,"column":58}},"33":{"start":{"line":40,"column":18},"end":{"line":40,"column":28}}},"fnMap":{"0":{"name":"(anonymous_0)","decl":{"start":{"line":3,"column":17},"end":{"line":3,"column":18}},"loc":{"start":{"line":3,"column":43},"end":{"line":8,"column":1}},"line":3},"1":{"name":"(anonymous_1)","decl":{"start":{"line":10,"column":17},"end":{"line":10,"column":18}},"loc":{"start":{"line":10,"column":43},"end":{"line":16,"column":1}},"line":10},"2":{"name":"(anonymous_2)","decl":{"start":{"line":18,"column":17},"end":{"line":18,"column":18}},"loc":{"start":{"line":18,"column":43},"end":{"line":23,"column":1}},"line":18},"3":{"name":"(anonymous_3)","decl":{"start":{"line":25,"column":17},"end":{"line":25,"column":18}},"loc":{"start":{"line":25,"column":43},"end":{"line":32,"column":1}},"line":25},"4":{"name":"(anonymous_4)","decl":{"start":{"line":34,"column":17},"end":{"line":34,"column":18}},"loc":{"start":{"line":34,"column":43},"end":{"line":41,"column":1}},"line":34}},"branchMap":{"0":{"loc":{"start":{"line":13,"column":4},"end":{"line":13,"column":80}},"type":"if","locations":[{"start":{"line":13,"column":4},"end":{"line":13,"column":80}},{"start":{},"end":{}}],"line":13},"1":{"loc":{"start":{"line":28,"column":4},"end":{"line":28,"column":80}},"type":"if","locations":[{"start":{"line":28,"column":4},"end":{"line":28,"column":80}},{"start":{},"end":{}}],"line":28},"2":{"loc":{"start":{"line":37,"column":4},"end":{"line":37,"column":80}},"type":"if","locations":[{"start":{"line":37,"column":4},"end":{"line":37,"column":80}},{"start":{},"end":{}}],"line":37}},"s":{"0":4,"1":4,"2":1,"3":1,"4":1,"5":0,"6":4,"7":0,"8":0,"9":0,"10":0,"11":0,"12":0,"13":4,"14":1,"15":1,"16":1,"17":0,"18":4,"19":1,"20":1,"21":1,"22":0,"23":1,"24":1,"25":0,"26":4,"27":1,"28":1,"29":1,"30":0,"31":1,"32":1,"33":0},"f":{"0":1,"1":0,"2":1,"3":1,"4":1},"b":{"0":[0,0],"1":[0,1],"2":[0,1]},"_coverageSchema":"1a1c01bbd47fc00a2c39e90264f33305004495a9","hash":"25fce37f9b1b4a0da5028ae83cdfae9c1ac2b917"}
,"C:\\Users\\MSI\\Devops\\school-management-system\\backend\\src\\middleware\\auth.js": {"path":"C:\\Users\\MSI\\Devops\\school-management-system\\backend\\src\\middleware\\auth.js","statementMap":{"0":{"start":{"line":1,"column":12},"end":{"line":1,"column":35}},"1":{"start":{"line":2,"column":0},"end":{"line":2,"column":27}},"2":{"start":{"line":4,"column":21},"end":{"line":20,"column":1}},"3":{"start":{"line":5,"column":21},"end":{"line":5,"column":46}},"4":{"start":{"line":7,"column":2},"end":{"line":9,"column":3}},"5":{"start":{"line":8,"column":4},"end":{"line":8,"column":66}},"6":{"start":{"line":11,"column":16},"end":{"line":11,"column":40}},"7":{"start":{"line":13,"column":2},"end":{"line":19,"column":3}},"8":{"start":{"line":14,"column":20},"end":{"line":14,"column":61}},"9":{"start":{"line":15,"column":4},"end":{"line":15,"column":23}},"10":{"start":{"line":16,"column":4},"end":{"line":16,"column":11}},"11":{"start":{"line":18,"column":4},"end":{"line":18,"column":73}},"12":{"start":{"line":22,"column":18},"end":{"line":32,"column":1}},"13":{"start":{"line":23,"column":2},"end":{"line":31,"column":4}},"14":{"start":{"line":24,"column":4},"end":{"line":26,"column":5}},"15":{"start":{"line":25,"column":6},"end":{"line":25,"column":68}},"16":{"start":{"line":27,"column":4},"end":{"line":29,"column":5}},"17":{"start":{"line":28,"column":6},"end":{"line":28,"column":75}},"18":{"start":{"line":30,"column":4},"end":{"line":30,"column":11}},"19":{"start":{"line":34,"column":0},"end":{"line":34,"column":30}},"20":{"start":{"line":35,"column":0},"end":{"line":35,"column":43}},"21":{"start":{"line":36,"column":0},"end":{"line":36,"column":37}}},"fnMap":{"0":{"name":"(anonymous_0)","decl":{"start":{"line":4,"column":21},"end":{"line":4,"column":22}},"loc":{"start":{"line":4,"column":41},"end":{"line":20,"column":1}},"line":4},"1":{"name":"(anonymous_1)","decl":{"start":{"line":22,"column":18},"end":{"line":22,"column":19}},"loc":{"start":{"line":22,"column":36},"end":{"line":32,"column":1}},"line":22},"2":{"name":"(anonymous_2)","decl":{"start":{"line":23,"column":9},"end":{"line":23,"column":10}},"loc":{"start":{"line":23,"column":29},"end":{"line":31,"column":3}},"line":23}},"branchMap":{"0":{"loc":{"start":{"line":7,"column":2},"end":{"line":9,"column":3}},"type":"if","locations":[{"start":{"line":7,"column":2},"end":{"line":9,"column":3}},{"start":{},"end":{}}],"line":7},"1":{"loc":{"start":{"line":7,"column":6},"end":{"line":7,"column":54}},"type":"binary-expr","locations":[{"start":{"line":7,"column":6},"end":{"line":7,"column":17}},{"start":{"line":7,"column":21},"end":{"line":7,"column":54}}],"line":7},"2":{"loc":{"start":{"line":24,"column":4},"end":{"line":26,"column":5}},"type":"if","locations":[{"start":{"line":24,"column":4},"end":{"line":26,"column":5}},{"start":{},"end":{}}],"line":24},"3":{"loc":{"start":{"line":27,"column":4},"end":{"line":29,"column":5}},"type":"if","locations":[{"start":{"line":27,"column":4},"end":{"line":29,"column":5}},{"start":{},"end":{}}],"line":27}},"s":{"0":4,"1":4,"2":4,"3":16,"4":16,"5":3,"6":13,"7":13,"8":13,"9":13,"10":13,"11":0,"12":4,"13":72,"14":11,"15":0,"16":11,"17":0,"18":11,"19":4,"20":4,"21":4},"f":{"0":16,"1":72,"2":11},"b":{"0":[3,13],"1":[16,13],"2":[0,11],"3":[0,11]},"_coverageSchema":"1a1c01bbd47fc00a2c39e90264f33305004495a9","hash":"b439d7ec769eaf3440f1cec508c350ca2a57e7af"}
,"C:\\Users\\MSI\\Devops\\school-management-system\\backend\\src\\middleware\\errorHandler.js": {"path":"C:\\Users\\MSI\\Devops\\school-management-system\\backend\\src\\middleware\\errorHandler.js","statementMap":{"0":{"start":{"line":1,"column":0},"end":{"line":18,"column":2}},"1":{"start":{"line":2,"column":2},"end":{"line":2,"column":27}},"2":{"start":{"line":4,"column":2},"end":{"line":9,"column":3}},"3":{"start":{"line":5,"column":4},"end":{"line":8,"column":7}},"4":{"start":{"line":7,"column":36},"end":{"line":7,"column":45}},"5":{"start":{"line":11,"column":2},"end":{"line":13,"column":3}},"6":{"start":{"line":12,"column":4},"end":{"line":12,"column":70}},"7":{"start":{"line":15,"column":2},"end":{"line":17,"column":5}}},"fnMap":{"0":{"name":"(anonymous_0)","decl":{"start":{"line":1,"column":17},"end":{"line":1,"column":18}},"loc":{"start":{"line":1,"column":42},"end":{"line":18,"column":1}},"line":1},"1":{"name":"(anonymous_1)","decl":{"start":{"line":7,"column":29},"end":{"line":7,"column":30}},"loc":{"start":{"line":7,"column":36},"end":{"line":7,"column":45}},"line":7}},"branchMap":{"0":{"loc":{"start":{"line":4,"column":2},"end":{"line":9,"column":3}},"type":"if","locations":[{"start":{"line":4,"column":2},"end":{"line":9,"column":3}},{"start":{},"end":{}}],"line":4},"1":{"loc":{"start":{"line":11,"column":2},"end":{"line":13,"column":3}},"type":"if","locations":[{"start":{"line":11,"column":2},"end":{"line":13,"column":3}},{"start":{},"end":{}}],"line":11},"2":{"loc":{"start":{"line":15,"column":13},"end":{"line":15,"column":30}},"type":"binary-expr","locations":[{"start":{"line":15,"column":13},"end":{"line":15,"column":23}},{"start":{"line":15,"column":27},"end":{"line":15,"column":30}}],"line":15},"3":{"loc":{"start":{"line":16,"column":13},"end":{"line":16,"column":51}},"type":"binary-expr","locations":[{"start":{"line":16,"column":13},"end":{"line":16,"column":24}},{"start":{"line":16,"column":28},"end":{"line":16,"column":51}}],"line":16}},"s":{"0":4,"1":0,"2":0,"3":0,"4":0,"5":0,"6":0,"7":0},"f":{"0":0,"1":0},"b":{"0":[0,0],"1":[0,0],"2":[0,0],"3":[0,0]},"_coverageSchema":"1a1c01bbd47fc00a2c39e90264f33305004495a9","hash":"42e81df3ee6c75250f51a7fe98e2e188cd99010a"}
,"C:\\Users\\MSI\\Devops\\school-management-system\\backend\\src\\middleware\\role.js": {"path":"C:\\Users\\MSI\\Devops\\school-management-system\\backend\\src\\middleware\\role.js","statementMap":{"0":{"start":{"line":1,"column":0},"end":{"line":6,"column":2}},"1":{"start":{"line":1,"column":31},"end":{"line":6,"column":1}},"2":{"start":{"line":2,"column":2},"end":{"line":4,"column":3}},"3":{"start":{"line":3,"column":4},"end":{"line":3,"column":62}},"4":{"start":{"line":5,"column":2},"end":{"line":5,"column":9}}},"fnMap":{"0":{"name":"(anonymous_0)","decl":{"start":{"line":1,"column":17},"end":{"line":1,"column":18}},"loc":{"start":{"line":1,"column":31},"end":{"line":6,"column":1}},"line":1},"1":{"name":"(anonymous_1)","decl":{"start":{"line":1,"column":31},"end":{"line":1,"column":32}},"loc":{"start":{"line":1,"column":51},"end":{"line":6,"column":1}},"line":1}},"branchMap":{"0":{"loc":{"start":{"line":2,"column":2},"end":{"line":4,"column":3}},"type":"if","locations":[{"start":{"line":2,"column":2},"end":{"line":4,"column":3}},{"start":{},"end":{}}],"line":2}},"s":{"0":4,"1":12,"2":0,"3":0,"4":0},"f":{"0":12,"1":0},"b":{"0":[0,0]},"_coverageSchema":"1a1c01bbd47fc00a2c39e90264f33305004495a9","hash":"8183d888d7215e9146c85a836dad5d02f4fc5a61"}
,"C:\\Users\\MSI\\Devops\\school-management-system\\backend\\src\\models\\Attendance.js": {"path":"C:\\Users\\MSI\\Devops\\school-management-system\\backend\\src\\models\\Attendance.js","statementMap":{"0":{"start":{"line":1,"column":22},"end":{"line":1,"column":42}},"1":{"start":{"line":3,"column":0},"end":{"line":26,"column":2}},"2":{"start":{"line":4,"column":2},"end":{"line":25,"column":5}}},"fnMap":{"0":{"name":"(anonymous_0)","decl":{"start":{"line":3,"column":17},"end":{"line":3,"column":18}},"loc":{"start":{"line":3,"column":32},"end":{"line":26,"column":1}},"line":3}},"branchMap":{},"s":{"0":4,"1":4,"2":4},"f":{"0":4},"b":{},"_coverageSchema":"1a1c01bbd47fc00a2c39e90264f33305004495a9","hash":"b374c144f90abf059153bfdc1e11aed437cefda7"}
,"C:\\Users\\MSI\\Devops\\school-management-system\\backend\\src\\models\\Student.js": {"path":"C:\\Users\\MSI\\Devops\\school-management-system\\backend\\src\\models\\Student.js","statementMap":{"0":{"start":{"line":1,"column":22},"end":{"line":1,"column":42}},"1":{"start":{"line":3,"column":0},"end":{"line":42,"column":2}},"2":{"start":{"line":4,"column":2},"end":{"line":41,"column":5}}},"fnMap":{"0":{"name":"(anonymous_0)","decl":{"start":{"line":3,"column":17},"end":{"line":3,"column":18}},"loc":{"start":{"line":3,"column":32},"end":{"line":42,"column":1}},"line":3}},"branchMap":{},"s":{"0":4,"1":4,"2":4},"f":{"0":4},"b":{},"_coverageSchema":"1a1c01bbd47fc00a2c39e90264f33305004495a9","hash":"2ba28b4cba15cf3e6de1263f0c8b91fe1df4372a"}
,"C:\\Users\\MSI\\Devops\\school-management-system\\backend\\src\\models\\Teacher.js": {"path":"C:\\Users\\MSI\\Devops\\school-management-system\\backend\\src\\models\\Teacher.js","statementMap":{"0":{"start":{"line":1,"column":22},"end":{"line":1,"column":42}},"1":{"start":{"line":3,"column":0},"end":{"line":39,"column":2}},"2":{"start":{"line":4,"column":2},"end":{"line":38,"column":5}}},"fnMap":{"0":{"name":"(anonymous_0)","decl":{"start":{"line":3,"column":17},"end":{"line":3,"column":18}},"loc":{"start":{"line":3,"column":32},"end":{"line":39,"column":1}},"line":3}},"branchMap":{},"s":{"0":4,"1":4,"2":4},"f":{"0":4},"b":{},"_coverageSchema":"1a1c01bbd47fc00a2c39e90264f33305004495a9","hash":"9af901307304a7f6a34a25e33d74ed91eaef3fa7"}
,"C:\\Users\\MSI\\Devops\\school-management-system\\backend\\src\\models\\User.js": {"path":"C:\\Users\\MSI\\Devops\\school-management-system\\backend\\src\\models\\User.js","statementMap":{"0":{"start":{"line":1,"column":22},"end":{"line":1,"column":42}},"1":{"start":{"line":3,"column":0},"end":{"line":29,"column":2}},"2":{"start":{"line":4,"column":2},"end":{"line":28,"column":5}}},"fnMap":{"0":{"name":"(anonymous_0)","decl":{"start":{"line":3,"column":17},"end":{"line":3,"column":18}},"loc":{"start":{"line":3,"column":32},"end":{"line":29,"column":1}},"line":3}},"branchMap":{},"s":{"0":4,"1":4,"2":4},"f":{"0":4},"b":{},"_coverageSchema":"1a1c01bbd47fc00a2c39e90264f33305004495a9","hash":"5125227309e83a094fa8261b0f851614faa6bc95"}
,"C:\\Users\\MSI\\Devops\\school-management-system\\backend\\src\\models\\class.js": {"path":"C:\\Users\\MSI\\Devops\\school-management-system\\backend\\src\\models\\class.js","statementMap":{"0":{"start":{"line":1,"column":22},"end":{"line":1,"column":42}},"1":{"start":{"line":3,"column":0},"end":{"line":33,"column":2}},"2":{"start":{"line":4,"column":2},"end":{"line":32,"column":5}}},"fnMap":{"0":{"name":"(anonymous_0)","decl":{"start":{"line":3,"column":17},"end":{"line":3,"column":18}},"loc":{"start":{"line":3,"column":32},"end":{"line":33,"column":1}},"line":3}},"branchMap":{},"s":{"0":4,"1":4,"2":4},"f":{"0":4},"b":{},"_coverageSchema":"1a1c01bbd47fc00a2c39e90264f33305004495a9","hash":"04e8ba25580863d27090a21f602035eebc9cff33"}
,"C:\\Users\\MSI\\Devops\\school-management-system\\backend\\src\\models\\grade.js": {"path":"C:\\Users\\MSI\\Devops\\school-management-system\\backend\\src\\models\\grade.js","statementMap":{"0":{"start":{"line":1,"column":22},"end":{"line":1,"column":42}},"1":{"start":{"line":3,"column":0},"end":{"line":14,"column":2}},"2":{"start":{"line":4,"column":2},"end":{"line":13,"column":5}}},"fnMap":{"0":{"name":"(anonymous_0)","decl":{"start":{"line":3,"column":17},"end":{"line":3,"column":18}},"loc":{"start":{"line":3,"column":32},"end":{"line":14,"column":1}},"line":3}},"branchMap":{},"s":{"0":4,"1":4,"2":4},"f":{"0":4},"b":{},"_coverageSchema":"1a1c01bbd47fc00a2c39e90264f33305004495a9","hash":"369f9ae1f1ec516eeba7972f2167954fd4aab908"}
,"C:\\Users\\MSI\\Devops\\school-management-system\\backend\\src\\models\\index.js": {"path":"C:\\Users\\MSI\\Devops\\school-management-system\\backend\\src\\models\\index.js","statementMap":{"0":{"start":{"line":1,"column":24},"end":{"line":1,"column":53}},"1":{"start":{"line":2,"column":24},"end":{"line":2,"column":41}},"2":{"start":{"line":3,"column":24},"end":{"line":3,"column":44}},"3":{"start":{"line":4,"column":24},"end":{"line":4,"column":44}},"4":{"start":{"line":5,"column":24},"end":{"line":5,"column":47}},"5":{"start":{"line":6,"column":24},"end":{"line":6,"column":42}},"6":{"start":{"line":7,"column":24},"end":{"line":7,"column":42}},"7":{"start":{"line":9,"column":19},"end":{"line":9,"column":39}},"8":{"start":{"line":10,"column":19},"end":{"line":10,"column":42}},"9":{"start":{"line":11,"column":19},"end":{"line":11,"column":42}},"10":{"start":{"line":12,"column":19},"end":{"line":12,"column":45}},"11":{"start":{"line":13,"column":19},"end":{"line":13,"column":40}},"12":{"start":{"line":14,"column":19},"end":{"line":14,"column":40}},"13":{"start":{"line":16,"column":0},"end":{"line":16,"column":76}},"14":{"start":{"line":17,"column":0},"end":{"line":17,"column":74}},"15":{"start":{"line":18,"column":0},"end":{"line":18,"column":67}},"16":{"start":{"line":19,"column":0},"end":{"line":19,"column":69}},"17":{"start":{"line":20,"column":0},"end":{"line":20,"column":65}},"18":{"start":{"line":21,"column":0},"end":{"line":21,"column":66}},"19":{"start":{"line":22,"column":0},"end":{"line":22,"column":66}},"20":{"start":{"line":23,"column":0},"end":{"line":23,"column":69}},"21":{"start":{"line":24,"column":0},"end":{"line":24,"column":62}},"22":{"start":{"line":26,"column":0},"end":{"line":26,"column":81}}},"fnMap":{},"branchMap":{},"s":{"0":4,"1":4,"2":4,"3":4,"4":4,"5":4,"6":4,"7":4,"8":4,"9":4,"10":4,"11":4,"12":4,"13":4,"14":4,"15":4,"16":4,"17":4,"18":4,"19":4,"20":4,"21":4,"22":4},"f":{},"b":{},"_coverageSchema":"1a1c01bbd47fc00a2c39e90264f33305004495a9","hash":"8303563de86ba87e73077dc499a387adc1a76ecb"}
,"C:\\Users\\MSI\\Devops\\school-management-system\\backend\\src\\routes\\attendanceRoutes.js": {"path":"C:\\Users\\MSI\\Devops\\school-management-system\\backend\\src\\routes\\attendanceRoutes.js","statementMap":{"0":{"start":{"line":1,"column":15},"end":{"line":1,"column":42}},"1":{"start":{"line":2,"column":15},"end":{"line":2,"column":44}},"2":{"start":{"line":3,"column":22},"end":{"line":3,"column":51}},"3":{"start":{"line":4,"column":15},"end":{"line":4,"column":61}},"4":{"start":{"line":6,"column":0},"end":{"line":6,"column":65}},"5":{"start":{"line":7,"column":0},"end":{"line":7,"column":62}},"6":{"start":{"line":8,"column":0},"end":{"line":8,"column":41}},"7":{"start":{"line":9,"column":0},"end":{"line":9,"column":74}},"8":{"start":{"line":10,"column":0},"end":{"line":10,"column":74}},"9":{"start":{"line":11,"column":0},"end":{"line":11,"column":74}},"10":{"start":{"line":13,"column":0},"end":{"line":13,"column":24}}},"fnMap":{},"branchMap":{},"s":{"0":4,"1":4,"2":4,"3":4,"4":4,"5":4,"6":4,"7":4,"8":4,"9":4,"10":4},"f":{},"b":{},"_coverageSchema":"1a1c01bbd47fc00a2c39e90264f33305004495a9","hash":"5ddbbb22b4dbb4c274b0a934626a29e2ea987384"}
,"C:\\Users\\MSI\\Devops\\school-management-system\\backend\\src\\routes\\authRoutes.js": {"path":"C:\\Users\\MSI\\Devops\\school-management-system\\backend\\src\\routes\\authRoutes.js","statementMap":{"0":{"start":{"line":1,"column":15},"end":{"line":1,"column":42}},"1":{"start":{"line":2,"column":15},"end":{"line":2,"column":44}},"2":{"start":{"line":3,"column":15},"end":{"line":3,"column":44}},"3":{"start":{"line":4,"column":56},"end":{"line":4,"column":96}},"4":{"start":{"line":5,"column":17},"end":{"line":5,"column":37}},"5":{"start":{"line":7,"column":0},"end":{"line":7,"column":35}},"6":{"start":{"line":8,"column":0},"end":{"line":8,"column":32}},"7":{"start":{"line":9,"column":0},"end":{"line":9,"column":35}},"8":{"start":{"line":10,"column":0},"end":{"line":15,"column":3}},"9":{"start":{"line":11,"column":2},"end":{"line":14,"column":30}},"10":{"start":{"line":12,"column":18},"end":{"line":12,"column":111}},"11":{"start":{"line":13,"column":4},"end":{"line":13,"column":20}},"12":{"start":{"line":14,"column":18},"end":{"line":14,"column":28}},"13":{"start":{"line":16,"column":0},"end":{"line":16,"column":61}},"14":{"start":{"line":17,"column":0},"end":{"line":17,"column":61}},"15":{"start":{"line":19,"column":0},"end":{"line":19,"column":24}}},"fnMap":{"0":{"name":"(anonymous_0)","decl":{"start":{"line":10,"column":46},"end":{"line":10,"column":47}},"loc":{"start":{"line":10,"column":72},"end":{"line":15,"column":1}},"line":10}},"branchMap":{},"s":{"0":4,"1":4,"2":4,"3":4,"4":4,"5":4,"6":4,"7":4,"8":4,"9":0,"10":0,"11":0,"12":0,"13":4,"14":4,"15":4},"f":{"0":0},"b":{},"_coverageSchema":"1a1c01bbd47fc00a2c39e90264f33305004495a9","hash":"d96f1c2d4fd5b23b3f0ab57f3036dcc7cb43f486"}
,"C:\\Users\\MSI\\Devops\\school-management-system\\backend\\src\\routes\\classRoutes.js": {"path":"C:\\Users\\MSI\\Devops\\school-management-system\\backend\\src\\routes\\classRoutes.js","statementMap":{"0":{"start":{"line":1,"column":15},"end":{"line":1,"column":42}},"1":{"start":{"line":2,"column":15},"end":{"line":2,"column":44}},"2":{"start":{"line":3,"column":15},"end":{"line":3,"column":56}},"3":{"start":{"line":5,"column":0},"end":{"line":5,"column":41}},"4":{"start":{"line":6,"column":0},"end":{"line":6,"column":41}},"5":{"start":{"line":7,"column":0},"end":{"line":7,"column":41}},"6":{"start":{"line":8,"column":0},"end":{"line":8,"column":41}},"7":{"start":{"line":9,"column":0},"end":{"line":9,"column":41}},"8":{"start":{"line":11,"column":0},"end":{"line":11,"column":24}}},"fnMap":{},"branchMap":{},"s":{"0":4,"1":4,"2":4,"3":4,"4":4,"5":4,"6":4,"7":4,"8":4},"f":{},"b":{},"_coverageSchema":"1a1c01bbd47fc00a2c39e90264f33305004495a9","hash":"6d4e690d20aeba2fc674c44e47c6abb356b2ea54"}
,"C:\\Users\\MSI\\Devops\\school-management-system\\backend\\src\\routes\\gradeRoutes.js": {"path":"C:\\Users\\MSI\\Devops\\school-management-system\\backend\\src\\routes\\gradeRoutes.js","statementMap":{"0":{"start":{"line":1,"column":15},"end":{"line":1,"column":42}},"1":{"start":{"line":2,"column":15},"end":{"line":2,"column":44}},"2":{"start":{"line":3,"column":22},"end":{"line":3,"column":51}},"3":{"start":{"line":4,"column":15},"end":{"line":4,"column":56}},"4":{"start":{"line":6,"column":0},"end":{"line":6,"column":91}},"5":{"start":{"line":7,"column":0},"end":{"line":7,"column":83}},"6":{"start":{"line":8,"column":0},"end":{"line":8,"column":97}},"7":{"start":{"line":9,"column":0},"end":{"line":9,"column":91}},"8":{"start":{"line":10,"column":0},"end":{"line":10,"column":91}},"9":{"start":{"line":11,"column":0},"end":{"line":11,"column":91}},"10":{"start":{"line":13,"column":0},"end":{"line":13,"column":24}}},"fnMap":{},"branchMap":{},"s":{"0":4,"1":4,"2":4,"3":4,"4":4,"5":4,"6":4,"7":4,"8":4,"9":4,"10":4},"f":{},"b":{},"_coverageSchema":"1a1c01bbd47fc00a2c39e90264f33305004495a9","hash":"c959d40eff96716566305e1cd86be84b1d3371ce"}
,"C:\\Users\\MSI\\Devops\\school-management-system\\backend\\src\\routes\\studentRoutes.js": {"path":"C:\\Users\\MSI\\Devops\\school-management-system\\backend\\src\\routes\\studentRoutes.js","statementMap":{"0":{"start":{"line":1,"column":15},"end":{"line":1,"column":42}},"1":{"start":{"line":2,"column":13},"end":{"line":2,"column":42}},"2":{"start":{"line":3,"column":22},"end":{"line":3,"column":51}},"3":{"start":{"line":4,"column":13},"end":{"line":4,"column":56}},"4":{"start":{"line":6,"column":0},"end":{"line":6,"column":68}},"5":{"start":{"line":8,"column":0},"end":{"line":8,"column":62}},"6":{"start":{"line":10,"column":0},"end":{"line":10,"column":38}},"7":{"start":{"line":12,"column":0},"end":{"line":12,"column":58}},"8":{"start":{"line":14,"column":0},"end":{"line":14,"column":60}},"9":{"start":{"line":16,"column":0},"end":{"line":16,"column":63}},"10":{"start":{"line":18,"column":0},"end":{"line":18,"column":24}}},"fnMap":{},"branchMap":{},"s":{"0":4,"1":4,"2":4,"3":4,"4":4,"5":4,"6":4,"7":4,"8":4,"9":4,"10":4},"f":{},"b":{},"_coverageSchema":"1a1c01bbd47fc00a2c39e90264f33305004495a9","hash":"766435b86f3556d4bf0c95828a5d82c4a81833e3"}
,"C:\\Users\\MSI\\Devops\\school-management-system\\backend\\src\\routes\\teacherRoutes.js": {"path":"C:\\Users\\MSI\\Devops\\school-management-system\\backend\\src\\routes\\teacherRoutes.js","statementMap":{"0":{"start":{"line":1,"column":15},"end":{"line":1,"column":42}},"1":{"start":{"line":2,"column":15},"end":{"line":2,"column":44}},"2":{"start":{"line":3,"column":22},"end":{"line":3,"column":51}},"3":{"start":{"line":4,"column":15},"end":{"line":4,"column":58}},"4":{"start":{"line":6,"column":0},"end":{"line":6,"column":41}},"5":{"start":{"line":7,"column":0},"end":{"line":7,"column":41}},"6":{"start":{"line":8,"column":0},"end":{"line":8,"column":63}},"7":{"start":{"line":9,"column":0},"end":{"line":9,"column":41}},"8":{"start":{"line":10,"column":0},"end":{"line":10,"column":63}},"9":{"start":{"line":12,"column":0},"end":{"line":12,"column":24}}},"fnMap":{},"branchMap":{},"s":{"0":4,"1":4,"2":4,"3":4,"4":4,"5":4,"6":4,"7":4,"8":4,"9":4},"f":{},"b":{},"_coverageSchema":"1a1c01bbd47fc00a2c39e90264f33305004495a9","hash":"d1b244ac7163110bfe7316f53133354e30f3025e"}
}
